<?xml version="1.0" encoding="UTF-8"?>
<!-- Generated by org.testng.reporters.JUnitXMLReporter -->
<testsuite hostname="gopal-PC" ignored="1" name="Default test" tests="1" failures="0" timestamp="18 Jun 2019 19:27:27 GMT" time="29.456" errors="0">
  <testcase name="loginPageImagetest" time="0.352" classname="com.facebook.qa.testcases.LoginPageTest"/>
  <testcase name="loginPageTitleTest" time="0.0" classname="com.facebook.qa.testcases.LoginPageTest">
    <ignored/>
  </testcase> <!-- loginPageTitleTest -->
</testsuite> <!-- Default test -->
