<?xml version="1.0" encoding="UTF-8"?>
<testng-results skipped="0" failed="0" ignored="1" total="2" passed="1">
  <reporter-output>
  </reporter-output>
  <suite name="Default suite" duration-ms="29456" started-at="2019-06-18T19:26:57Z" finished-at="2019-06-18T19:27:27Z">
    <groups>
    </groups>
    <test name="Default test" duration-ms="29456" started-at="2019-06-18T19:26:57Z" finished-at="2019-06-18T19:27:27Z">
      <class name="com.facebook.qa.testcases.LoginPageTest">
        <test-method status="PASS" signature="setUp()[pri:0, instance:com.facebook.qa.testcases.LoginPageTest@5e5792a0]" name="setUp" is-config="true" duration-ms="27915" started-at="2019-06-19T00:56:57Z" finished-at="2019-06-19T00:57:25Z">
          <reporter-output>
          </reporter-output>
        </test-method> <!-- setUp -->
        <test-method status="PASS" signature="loginPageImagetest()[pri:2, instance:com.facebook.qa.testcases.LoginPageTest@5e5792a0]" name="loginPageImagetest" duration-ms="352" started-at="2019-06-19T00:57:25Z" finished-at="2019-06-19T00:57:25Z">
          <reporter-output>
          </reporter-output>
        </test-method> <!-- loginPageImagetest -->
        <test-method status="PASS" signature="tearDown()[pri:0, instance:com.facebook.qa.testcases.LoginPageTest@5e5792a0]" name="tearDown" is-config="true" duration-ms="1124" started-at="2019-06-19T00:57:25Z" finished-at="2019-06-19T00:57:27Z">
          <reporter-output>
          </reporter-output>
        </test-method> <!-- tearDown -->
      </class> <!-- com.facebook.qa.testcases.LoginPageTest -->
    </test> <!-- Default test -->
  </suite> <!-- Default suite -->
</testng-results>
